<?xml version="1.0" encoding="UTF-8"?>
<!-- Generated by org.testng.reporters.JUnitReportReporter -->
<testsuite skipped="0" hostname="DESKTOP-TRAAF87" name="mavensample.FirstTest" tests="3" failures="0" timestamp="18 Nov 2021 03:17:22 GMT" time="0.011" errors="0">
  <testcase name="test2" time="0.001" classname="mavensample.FirstTest"/>
  <testcase name="test3" time="0.001" classname="mavensample.FirstTest"/>
  <testcase name="test1" time="0.009" classname="mavensample.FirstTest"/>
</testsuite> <!-- mavensample.FirstTest -->
